INFO:knowledge_graph:Successfully connected to Neo4j
INFO:neo4j.notifications:Received notification from DBMS server: {severity: INFORMATION} {code: Neo.ClientNotification.Schema.IndexOrConstraintAlreadyExists} {category: SCHEMA} {title: `CREATE CONSTRAINT IF NOT EXISTS FOR (e:Knowledge) REQUIRE (e.id) IS UNIQUE` has no effect.} {description: `CONSTRAINT constraint_70d7147c FOR (e:Knowledge) REQUIRE (e.id) IS UNIQUE` already exists.} {position: None} for query: 'CREATE CONSTRAINT IF NOT EXISTS FOR (n:Knowledge) REQUIRE n.id IS UNIQUE'
INFO:knowledge_graph:Created constraint/index: CREATE CONSTRAINT IF NOT EXISTS FOR (n:Knowledge) REQUIRE n.id IS UNIQUE
INFO:neo4j.notifications:Received notification from DBMS server: {severity: INFORMATION} {code: Neo.ClientNotification.Schema.IndexOrConstraintAlreadyExists} {category: SCHEMA} {title: `CREATE CONSTRAINT IF NOT EXISTS FOR (e:Concept) REQUIRE (e.id) IS UNIQUE` has no effect.} {description: `CONSTRAINT constraint_2c536f4c FOR (e:Concept) REQUIRE (e.id) IS UNIQUE` already exists.} {position: None} for query: 'CREATE CONSTRAINT IF NOT EXISTS FOR (n:Concept) REQUIRE n.id IS UNIQUE'
INFO:knowledge_graph:Created constraint/index: CREATE CONSTRAINT IF NOT EXISTS FOR (n:Concept) REQUIRE n.id IS UNIQUE
INFO:neo4j.notifications:Received notification from DBMS server: {severity: INFORMATION} {code: Neo.ClientNotification.Schema.IndexOrConstraintAlreadyExists} {category: SCHEMA} {title: `CREATE CONSTRAINT IF NOT EXISTS FOR (e:Chapter) REQUIRE (e.id) IS UNIQUE` has no effect.} {description: `CONSTRAINT constraint_32cf11aa FOR (e:Chapter) REQUIRE (e.id) IS UNIQUE` already exists.} {position: None} for query: 'CREATE CONSTRAINT IF NOT EXISTS FOR (n:Chapter) REQUIRE n.id IS UNIQUE'
INFO:knowledge_graph:Created constraint/index: CREATE CONSTRAINT IF NOT EXISTS FOR (n:Chapter) REQUIRE n.id IS UNIQUE
INFO:neo4j.notifications:Received notification from DBMS server: {severity: INFORMATION} {code: Neo.ClientNotification.Schema.IndexOrConstraintAlreadyExists} {category: SCHEMA} {title: `CREATE CONSTRAINT IF NOT EXISTS FOR (e:Student) REQUIRE (e.id) IS UNIQUE` has no effect.} {description: `CONSTRAINT constraint_76ad2168 FOR (e:Student) REQUIRE (e.id) IS UNIQUE` already exists.} {position: None} for query: 'CREATE CONSTRAINT IF NOT EXISTS FOR (n:Student) REQUIRE n.id IS UNIQUE'
INFO:knowledge_graph:Created constraint/index: CREATE CONSTRAINT IF NOT EXISTS FOR (n:Student) REQUIRE n.id IS UNIQUE
INFO:neo4j.notifications:Received notification from DBMS server: {severity: INFORMATION} {code: Neo.ClientNotification.Schema.IndexOrConstraintAlreadyExists} {category: SCHEMA} {title: `CREATE CONSTRAINT IF NOT EXISTS FOR (e:Skill) REQUIRE (e.id) IS UNIQUE` has no effect.} {description: `CONSTRAINT constraint_1ae712d7 FOR (e:Skill) REQUIRE (e.id) IS UNIQUE` already exists.} {position: None} for query: 'CREATE CONSTRAINT IF NOT EXISTS FOR (n:Skill) REQUIRE n.id IS UNIQUE'
INFO:knowledge_graph:Created constraint/index: CREATE CONSTRAINT IF NOT EXISTS FOR (n:Skill) REQUIRE n.id IS UNIQUE
INFO:neo4j.notifications:Received notification from DBMS server: {severity: INFORMATION} {code: Neo.ClientNotification.Schema.IndexOrConstraintAlreadyExists} {category: SCHEMA} {title: `CREATE RANGE INDEX IF NOT EXISTS FOR (e:Knowledge) ON (e.knowledge_id)` has no effect.} {description: `RANGE INDEX index_102c8f56 FOR (e:Knowledge) ON (e.knowledge_id)` already exists.} {position: None} for query: 'CREATE INDEX IF NOT EXISTS FOR (n:Knowledge) ON (n.knowledge_id)'
INFO:knowledge_graph:Created constraint/index: CREATE INDEX IF NOT EXISTS FOR (n:Knowledge) ON (n.knowledge_id)
INFO:neo4j.notifications:Received notification from DBMS server: {severity: INFORMATION} {code: Neo.ClientNotification.Schema.IndexOrConstraintAlreadyExists} {category: SCHEMA} {title: `CREATE RANGE INDEX IF NOT EXISTS FOR (e:Chapter) ON (e.chapter_id)` has no effect.} {description: `RANGE INDEX index_7cb9168a FOR (e:Chapter) ON (e.chapter_id)` already exists.} {position: None} for query: 'CREATE INDEX IF NOT EXISTS FOR (n:Chapter) ON (n.chapter_id)'
INFO:knowledge_graph:Created constraint/index: CREATE INDEX IF NOT EXISTS FOR (n:Chapter) ON (n.chapter_id)
INFO:knowledge_graph_sync:KnowledgeGraphSynchronizer initialized with API_BASE_URL: http://localhost:8000
INFO:knowledge_graph:Successfully connected to Neo4j
INFO:neo4j.notifications:Received notification from DBMS server: {severity: INFORMATION} {code: Neo.ClientNotification.Schema.IndexOrConstraintAlreadyExists} {category: SCHEMA} {title: `CREATE CONSTRAINT IF NOT EXISTS FOR (e:Knowledge) REQUIRE (e.id) IS UNIQUE` has no effect.} {description: `CONSTRAINT constraint_70d7147c FOR (e:Knowledge) REQUIRE (e.id) IS UNIQUE` already exists.} {position: None} for query: 'CREATE CONSTRAINT IF NOT EXISTS FOR (n:Knowledge) REQUIRE n.id IS UNIQUE'
INFO:knowledge_graph:Created constraint/index: CREATE CONSTRAINT IF NOT EXISTS FOR (n:Knowledge) REQUIRE n.id IS UNIQUE
INFO:neo4j.notifications:Received notification from DBMS server: {severity: INFORMATION} {code: Neo.ClientNotification.Schema.IndexOrConstraintAlreadyExists} {category: SCHEMA} {title: `CREATE CONSTRAINT IF NOT EXISTS FOR (e:Concept) REQUIRE (e.id) IS UNIQUE` has no effect.} {description: `CONSTRAINT constraint_2c536f4c FOR (e:Concept) REQUIRE (e.id) IS UNIQUE` already exists.} {position: None} for query: 'CREATE CONSTRAINT IF NOT EXISTS FOR (n:Concept) REQUIRE n.id IS UNIQUE'
INFO:knowledge_graph:Created constraint/index: CREATE CONSTRAINT IF NOT EXISTS FOR (n:Concept) REQUIRE n.id IS UNIQUE
INFO:neo4j.notifications:Received notification from DBMS server: {severity: INFORMATION} {code: Neo.ClientNotification.Schema.IndexOrConstraintAlreadyExists} {category: SCHEMA} {title: `CREATE CONSTRAINT IF NOT EXISTS FOR (e:Chapter) REQUIRE (e.id) IS UNIQUE` has no effect.} {description: `CONSTRAINT constraint_32cf11aa FOR (e:Chapter) REQUIRE (e.id) IS UNIQUE` already exists.} {position: None} for query: 'CREATE CONSTRAINT IF NOT EXISTS FOR (n:Chapter) REQUIRE n.id IS UNIQUE'
INFO:knowledge_graph:Created constraint/index: CREATE CONSTRAINT IF NOT EXISTS FOR (n:Chapter) REQUIRE n.id IS UNIQUE
INFO:neo4j.notifications:Received notification from DBMS server: {severity: INFORMATION} {code: Neo.ClientNotification.Schema.IndexOrConstraintAlreadyExists} {category: SCHEMA} {title: `CREATE CONSTRAINT IF NOT EXISTS FOR (e:Student) REQUIRE (e.id) IS UNIQUE` has no effect.} {description: `CONSTRAINT constraint_76ad2168 FOR (e:Student) REQUIRE (e.id) IS UNIQUE` already exists.} {position: None} for query: 'CREATE CONSTRAINT IF NOT EXISTS FOR (n:Student) REQUIRE n.id IS UNIQUE'
INFO:knowledge_graph:Created constraint/index: CREATE CONSTRAINT IF NOT EXISTS FOR (n:Student) REQUIRE n.id IS UNIQUE
INFO:neo4j.notifications:Received notification from DBMS server: {severity: INFORMATION} {code: Neo.ClientNotification.Schema.IndexOrConstraintAlreadyExists} {category: SCHEMA} {title: `CREATE CONSTRAINT IF NOT EXISTS FOR (e:Skill) REQUIRE (e.id) IS UNIQUE` has no effect.} {description: `CONSTRAINT constraint_1ae712d7 FOR (e:Skill) REQUIRE (e.id) IS UNIQUE` already exists.} {position: None} for query: 'CREATE CONSTRAINT IF NOT EXISTS FOR (n:Skill) REQUIRE n.id IS UNIQUE'
INFO:knowledge_graph:Created constraint/index: CREATE CONSTRAINT IF NOT EXISTS FOR (n:Skill) REQUIRE n.id IS UNIQUE
INFO:neo4j.notifications:Received notification from DBMS server: {severity: INFORMATION} {code: Neo.ClientNotification.Schema.IndexOrConstraintAlreadyExists} {category: SCHEMA} {title: `CREATE RANGE INDEX IF NOT EXISTS FOR (e:Knowledge) ON (e.knowledge_id)` has no effect.} {description: `RANGE INDEX index_102c8f56 FOR (e:Knowledge) ON (e.knowledge_id)` already exists.} {position: None} for query: 'CREATE INDEX IF NOT EXISTS FOR (n:Knowledge) ON (n.knowledge_id)'
INFO:knowledge_graph:Created constraint/index: CREATE INDEX IF NOT EXISTS FOR (n:Knowledge) ON (n.knowledge_id)
INFO:neo4j.notifications:Received notification from DBMS server: {severity: INFORMATION} {code: Neo.ClientNotification.Schema.IndexOrConstraintAlreadyExists} {category: SCHEMA} {title: `CREATE RANGE INDEX IF NOT EXISTS FOR (e:Chapter) ON (e.chapter_id)` has no effect.} {description: `RANGE INDEX index_7cb9168a FOR (e:Chapter) ON (e.chapter_id)` already exists.} {position: None} for query: 'CREATE INDEX IF NOT EXISTS FOR (n:Chapter) ON (n.chapter_id)'
INFO:knowledge_graph:Created constraint/index: CREATE INDEX IF NOT EXISTS FOR (n:Chapter) ON (n.chapter_id)
INFO:knowledge_graph:Successfully connected to Neo4j
INFO:neo4j.notifications:Received notification from DBMS server: {severity: INFORMATION} {code: Neo.ClientNotification.Schema.IndexOrConstraintAlreadyExists} {category: SCHEMA} {title: `CREATE CONSTRAINT IF NOT EXISTS FOR (e:Knowledge) REQUIRE (e.id) IS UNIQUE` has no effect.} {description: `CONSTRAINT constraint_70d7147c FOR (e:Knowledge) REQUIRE (e.id) IS UNIQUE` already exists.} {position: None} for query: 'CREATE CONSTRAINT IF NOT EXISTS FOR (n:Knowledge) REQUIRE n.id IS UNIQUE'
INFO:knowledge_graph:Created constraint/index: CREATE CONSTRAINT IF NOT EXISTS FOR (n:Knowledge) REQUIRE n.id IS UNIQUE
INFO:neo4j.notifications:Received notification from DBMS server: {severity: INFORMATION} {code: Neo.ClientNotification.Schema.IndexOrConstraintAlreadyExists} {category: SCHEMA} {title: `CREATE CONSTRAINT IF NOT EXISTS FOR (e:Concept) REQUIRE (e.id) IS UNIQUE` has no effect.} {description: `CONSTRAINT constraint_2c536f4c FOR (e:Concept) REQUIRE (e.id) IS UNIQUE` already exists.} {position: None} for query: 'CREATE CONSTRAINT IF NOT EXISTS FOR (n:Concept) REQUIRE n.id IS UNIQUE'
INFO:knowledge_graph:Created constraint/index: CREATE CONSTRAINT IF NOT EXISTS FOR (n:Concept) REQUIRE n.id IS UNIQUE
INFO:neo4j.notifications:Received notification from DBMS server: {severity: INFORMATION} {code: Neo.ClientNotification.Schema.IndexOrConstraintAlreadyExists} {category: SCHEMA} {title: `CREATE CONSTRAINT IF NOT EXISTS FOR (e:Chapter) REQUIRE (e.id) IS UNIQUE` has no effect.} {description: `CONSTRAINT constraint_32cf11aa FOR (e:Chapter) REQUIRE (e.id) IS UNIQUE` already exists.} {position: None} for query: 'CREATE CONSTRAINT IF NOT EXISTS FOR (n:Chapter) REQUIRE n.id IS UNIQUE'
INFO:knowledge_graph:Created constraint/index: CREATE CONSTRAINT IF NOT EXISTS FOR (n:Chapter) REQUIRE n.id IS UNIQUE
INFO:neo4j.notifications:Received notification from DBMS server: {severity: INFORMATION} {code: Neo.ClientNotification.Schema.IndexOrConstraintAlreadyExists} {category: SCHEMA} {title: `CREATE CONSTRAINT IF NOT EXISTS FOR (e:Student) REQUIRE (e.id) IS UNIQUE` has no effect.} {description: `CONSTRAINT constraint_76ad2168 FOR (e:Student) REQUIRE (e.id) IS UNIQUE` already exists.} {position: None} for query: 'CREATE CONSTRAINT IF NOT EXISTS FOR (n:Student) REQUIRE n.id IS UNIQUE'
INFO:knowledge_graph:Created constraint/index: CREATE CONSTRAINT IF NOT EXISTS FOR (n:Student) REQUIRE n.id IS UNIQUE
INFO:neo4j.notifications:Received notification from DBMS server: {severity: INFORMATION} {code: Neo.ClientNotification.Schema.IndexOrConstraintAlreadyExists} {category: SCHEMA} {title: `CREATE CONSTRAINT IF NOT EXISTS FOR (e:Skill) REQUIRE (e.id) IS UNIQUE` has no effect.} {description: `CONSTRAINT constraint_1ae712d7 FOR (e:Skill) REQUIRE (e.id) IS UNIQUE` already exists.} {position: None} for query: 'CREATE CONSTRAINT IF NOT EXISTS FOR (n:Skill) REQUIRE n.id IS UNIQUE'
INFO:knowledge_graph:Created constraint/index: CREATE CONSTRAINT IF NOT EXISTS FOR (n:Skill) REQUIRE n.id IS UNIQUE
INFO:neo4j.notifications:Received notification from DBMS server: {severity: INFORMATION} {code: Neo.ClientNotification.Schema.IndexOrConstraintAlreadyExists} {category: SCHEMA} {title: `CREATE RANGE INDEX IF NOT EXISTS FOR (e:Knowledge) ON (e.knowledge_id)` has no effect.} {description: `RANGE INDEX index_102c8f56 FOR (e:Knowledge) ON (e.knowledge_id)` already exists.} {position: None} for query: 'CREATE INDEX IF NOT EXISTS FOR (n:Knowledge) ON (n.knowledge_id)'
INFO:knowledge_graph:Created constraint/index: CREATE INDEX IF NOT EXISTS FOR (n:Knowledge) ON (n.knowledge_id)
INFO:neo4j.notifications:Received notification from DBMS server: {severity: INFORMATION} {code: Neo.ClientNotification.Schema.IndexOrConstraintAlreadyExists} {category: SCHEMA} {title: `CREATE RANGE INDEX IF NOT EXISTS FOR (e:Chapter) ON (e.chapter_id)` has no effect.} {description: `RANGE INDEX index_7cb9168a FOR (e:Chapter) ON (e.chapter_id)` already exists.} {position: None} for query: 'CREATE INDEX IF NOT EXISTS FOR (n:Chapter) ON (n.chapter_id)'
INFO:knowledge_graph:Created constraint/index: CREATE INDEX IF NOT EXISTS FOR (n:Chapter) ON (n.chapter_id)
INFO:     Started server process [19604]
INFO:     Waiting for application startup.
INFO:     Application startup complete.
INFO:     Uvicorn running on http://0.0.0.0:8000 (Press CTRL+C to quit)
INFO:     127.0.0.1:39288 - "GET /health HTTP/1.1" 401 Unauthorized
INFO:     Shutting down
INFO:     Waiting for application shutdown.
INFO:     Application shutdown complete.
INFO:     Finished server process [19604]
